Dataset({
    features: ['textID', 'text', 'sentiment'],
    num_rows: 27480
})
Train size: 24732
Validation size: 2748
Test size: 3534
Label distribution in train dataset: Counter({1: 10014, 2: 7764, 0: 6954})
Model is on: cuda:0
CUDA: 12.8
GPU: NVIDIA H100 NVL MIG 3g.47gb
Learning rate: 2e-05
num_labels: 3
{'loss': '1.095', 'grad_norm': '3.438', 'learning_rate': '3.6e-07', 'epoch': '0.006468'}
{'loss': '1.094', 'grad_norm': '2.968', 'learning_rate': '7.6e-07', 'epoch': '0.01294'}
{'loss': '1.082', 'grad_norm': '5.147', 'learning_rate': '1.16e-06', 'epoch': '0.0194'}
{'loss': '1.107', 'grad_norm': '4.505', 'learning_rate': '1.56e-06', 'epoch': '0.02587'}
{'loss': '1.097', 'grad_norm': '5.068', 'learning_rate': '1.96e-06', 'epoch': '0.03234'}
{'loss': '1.107', 'grad_norm': '6.149', 'learning_rate': '2.36e-06', 'epoch': '0.03881'}
{'loss': '1.103', 'grad_norm': '3.156', 'learning_rate': '2.76e-06', 'epoch': '0.04528'}
{'loss': '1.098', 'grad_norm': '4.04', 'learning_rate': '3.16e-06', 'epoch': '0.05175'}
{'loss': '1.107', 'grad_norm': '2.856', 'learning_rate': '3.56e-06', 'epoch': '0.05821'}
{'loss': '1.096', 'grad_norm': '3.219', 'learning_rate': '3.96e-06', 'epoch': '0.06468'}
{'loss': '1.103', 'grad_norm': '2.616', 'learning_rate': '4.36e-06', 'epoch': '0.07115'}
{'loss': '1.099', 'grad_norm': '3.074', 'learning_rate': '4.76e-06', 'epoch': '0.07762'}
{'loss': '1.102', 'grad_norm': '3.491', 'learning_rate': '5.16e-06', 'epoch': '0.08409'}
{'loss': '1.086', 'grad_norm': '4.47', 'learning_rate': '5.56e-06', 'epoch': '0.09056'}
{'loss': '1.092', 'grad_norm': '3.711', 'learning_rate': '5.96e-06', 'epoch': '0.09702'}
{'loss': '1.092', 'grad_norm': '3.533', 'learning_rate': '6.36e-06', 'epoch': '0.1035'}
{'loss': '1.074', 'grad_norm': '3.645', 'learning_rate': '6.76e-06', 'epoch': '0.11'}
{'loss': '1.088', 'grad_norm': '4.581', 'learning_rate': '7.16e-06', 'epoch': '0.1164'}
{'loss': '1.05', 'grad_norm': '4.669', 'learning_rate': '7.56e-06', 'epoch': '0.1229'}
{'loss': '1.047', 'grad_norm': '6.051', 'learning_rate': '7.96e-06', 'epoch': '0.1294'}
{'loss': '1.049', 'grad_norm': '6.732', 'learning_rate': '8.36e-06', 'epoch': '0.1358'}
{'loss': '1.019', 'grad_norm': '9.807', 'learning_rate': '8.76e-06', 'epoch': '0.1423'}
{'loss': '0.9677', 'grad_norm': '17.54', 'learning_rate': '9.16e-06', 'epoch': '0.1488'}
{'loss': '0.8496', 'grad_norm': '16.15', 'learning_rate': '9.56e-06', 'epoch': '0.1552'}
{'loss': '0.9146', 'grad_norm': '35.74', 'learning_rate': '9.96e-06', 'epoch': '0.1617'}
{'loss': '0.8326', 'grad_norm': '16.5', 'learning_rate': '1.036e-05', 'epoch': '0.1682'}
{'loss': '0.8163', 'grad_norm': '19.77', 'learning_rate': '1.076e-05', 'epoch': '0.1746'}
{'loss': '0.7925', 'grad_norm': '37.32', 'learning_rate': '1.116e-05', 'epoch': '0.1811'}
{'loss': '0.7103', 'grad_norm': '26.43', 'learning_rate': '1.156e-05', 'epoch': '0.1876'}
{'loss': '0.8166', 'grad_norm': '36.34', 'learning_rate': '1.196e-05', 'epoch': '0.194'}
{'loss': '0.7595', 'grad_norm': '39.82', 'learning_rate': '1.236e-05', 'epoch': '0.2005'}
{'loss': '0.7346', 'grad_norm': '32.39', 'learning_rate': '1.276e-05', 'epoch': '0.207'}
{'loss': '0.684', 'grad_norm': '17.94', 'learning_rate': '1.316e-05', 'epoch': '0.2135'}
{'loss': '0.8266', 'grad_norm': '17.36', 'learning_rate': '1.356e-05', 'epoch': '0.2199'}
{'loss': '0.7428', 'grad_norm': '24.46', 'learning_rate': '1.396e-05', 'epoch': '0.2264'}
{'loss': '0.6829', 'grad_norm': '29.58', 'learning_rate': '1.436e-05', 'epoch': '0.2329'}
{'loss': '0.6558', 'grad_norm': '18.96', 'learning_rate': '1.476e-05', 'epoch': '0.2393'}
{'loss': '0.6827', 'grad_norm': '41.59', 'learning_rate': '1.516e-05', 'epoch': '0.2458'}
{'loss': '0.7118', 'grad_norm': '29.1', 'learning_rate': '1.556e-05', 'epoch': '0.2523'}
{'loss': '0.6724', 'grad_norm': '20.48', 'learning_rate': '1.596e-05', 'epoch': '0.2587'}
{'loss': '0.6721', 'grad_norm': '19.91', 'learning_rate': '1.636e-05', 'epoch': '0.2652'}
{'loss': '0.704', 'grad_norm': '13.64', 'learning_rate': '1.676e-05', 'epoch': '0.2717'}
{'loss': '0.7556', 'grad_norm': '13.7', 'learning_rate': '1.716e-05', 'epoch': '0.2781'}
{'loss': '0.7458', 'grad_norm': '35.27', 'learning_rate': '1.756e-05', 'epoch': '0.2846'}
{'loss': '0.7585', 'grad_norm': '15.69', 'learning_rate': '1.796e-05', 'epoch': '0.2911'}
{'loss': '0.6532', 'grad_norm': '13.16', 'learning_rate': '1.836e-05', 'epoch': '0.2975'}
{'loss': '0.63', 'grad_norm': '25.61', 'learning_rate': '1.876e-05', 'epoch': '0.304'}
{'loss': '0.7182', 'grad_norm': '24.13', 'learning_rate': '1.916e-05', 'epoch': '0.3105'}
{'loss': '0.6146', 'grad_norm': '12.07', 'learning_rate': '1.956e-05', 'epoch': '0.3169'}
{'loss': '0.6302', 'grad_norm': '22.34', 'learning_rate': '1.996e-05', 'epoch': '0.3234'}
{'loss': '0.7151', 'grad_norm': '17.96', 'learning_rate': '2e-05', 'epoch': '0.3299'}
{'loss': '0.7094', 'grad_norm': '16.86', 'learning_rate': '2e-05', 'epoch': '0.3364'}
{'loss': '0.5673', 'grad_norm': '31', 'learning_rate': '2e-05', 'epoch': '0.3428'}
{'loss': '0.6878', 'grad_norm': '15.55', 'learning_rate': '2e-05', 'epoch': '0.3493'}
{'loss': '0.6055', 'grad_norm': '17.14', 'learning_rate': '2e-05', 'epoch': '0.3558'}
{'loss': '0.7369', 'grad_norm': '20.42', 'learning_rate': '2e-05', 'epoch': '0.3622'}
{'loss': '0.5725', 'grad_norm': '22.24', 'learning_rate': '2e-05', 'epoch': '0.3687'}
{'loss': '0.7739', 'grad_norm': '26.64', 'learning_rate': '1.999e-05', 'epoch': '0.3752'}
{'loss': '0.7239', 'grad_norm': '22.06', 'learning_rate': '1.999e-05', 'epoch': '0.3816'}
{'loss': '0.5752', 'grad_norm': '14.07', 'learning_rate': '1.999e-05', 'epoch': '0.3881'}
{'loss': '0.7459', 'grad_norm': '24.73', 'learning_rate': '1.999e-05', 'epoch': '0.3946'}
{'loss': '0.5892', 'grad_norm': '26.49', 'learning_rate': '1.999e-05', 'epoch': '0.401'}
{'loss': '0.5317', 'grad_norm': '20.67', 'learning_rate': '1.998e-05', 'epoch': '0.4075'}
{'loss': '0.7151', 'grad_norm': '18.27', 'learning_rate': '1.998e-05', 'epoch': '0.414'}
{'loss': '0.6786', 'grad_norm': '19.28', 'learning_rate': '1.998e-05', 'epoch': '0.4204'}
{'loss': '0.6008', 'grad_norm': '47.42', 'learning_rate': '1.998e-05', 'epoch': '0.4269'}
{'loss': '0.6898', 'grad_norm': '21.64', 'learning_rate': '1.997e-05', 'epoch': '0.4334'}
{'loss': '0.7416', 'grad_norm': '25.12', 'learning_rate': '1.997e-05', 'epoch': '0.4398'}
{'loss': '0.5449', 'grad_norm': '12.32', 'learning_rate': '1.997e-05', 'epoch': '0.4463'}
{'loss': '0.6758', 'grad_norm': '19.88', 'learning_rate': '1.996e-05', 'epoch': '0.4528'}
{'loss': '0.5563', 'grad_norm': '18.2', 'learning_rate': '1.996e-05', 'epoch': '0.4592'}
{'loss': '0.5978', 'grad_norm': '34.46', 'learning_rate': '1.995e-05', 'epoch': '0.4657'}
{'loss': '0.5142', 'grad_norm': '15.91', 'learning_rate': '1.995e-05', 'epoch': '0.4722'}
{'loss': '0.6212', 'grad_norm': '17.31', 'learning_rate': '1.995e-05', 'epoch': '0.4787'}
{'loss': '0.6058', 'grad_norm': '26.79', 'learning_rate': '1.994e-05', 'epoch': '0.4851'}
{'loss': '0.644', 'grad_norm': '27', 'learning_rate': '1.994e-05', 'epoch': '0.4916'}
{'loss': '0.5669', 'grad_norm': '15.99', 'learning_rate': '1.993e-05', 'epoch': '0.4981'}
{'loss': '0.6224', 'grad_norm': '26.48', 'learning_rate': '1.993e-05', 'epoch': '0.5045'}
{'loss': '0.7039', 'grad_norm': '16.34', 'learning_rate': '1.992e-05', 'epoch': '0.511'}
{'loss': '0.6237', 'grad_norm': '25.59', 'learning_rate': '1.992e-05', 'epoch': '0.5175'}
{'loss': '0.6279', 'grad_norm': '24.92', 'learning_rate': '1.991e-05', 'epoch': '0.5239'}
{'loss': '0.7468', 'grad_norm': '35.57', 'learning_rate': '1.99e-05', 'epoch': '0.5304'}
{'loss': '0.6837', 'grad_norm': '18.39', 'learning_rate': '1.99e-05', 'epoch': '0.5369'}
{'loss': '0.635', 'grad_norm': '22.28', 'learning_rate': '1.989e-05', 'epoch': '0.5433'}
{'loss': '0.6846', 'grad_norm': '34.81', 'learning_rate': '1.989e-05', 'epoch': '0.5498'}
{'loss': '0.592', 'grad_norm': '9.912', 'learning_rate': '1.988e-05', 'epoch': '0.5563'}
{'loss': '0.5634', 'grad_norm': '9.395', 'learning_rate': '1.987e-05', 'epoch': '0.5627'}
{'loss': '0.599', 'grad_norm': '27.86', 'learning_rate': '1.986e-05', 'epoch': '0.5692'}
{'loss': '0.6209', 'grad_norm': '30.01', 'learning_rate': '1.986e-05', 'epoch': '0.5757'}
{'loss': '0.6634', 'grad_norm': '16.1', 'learning_rate': '1.985e-05', 'epoch': '0.5821'}
{'loss': '0.5638', 'grad_norm': '8.846', 'learning_rate': '1.984e-05', 'epoch': '0.5886'}
{'loss': '0.5821', 'grad_norm': '29.48', 'learning_rate': '1.983e-05', 'epoch': '0.5951'}
{'loss': '0.5008', 'grad_norm': '13.48', 'learning_rate': '1.983e-05', 'epoch': '0.6016'}
{'loss': '0.5733', 'grad_norm': '22.13', 'learning_rate': '1.982e-05', 'epoch': '0.608'}
{'loss': '0.6117', 'grad_norm': '23.29', 'learning_rate': '1.981e-05', 'epoch': '0.6145'}
{'loss': '0.6192', 'grad_norm': '28.2', 'learning_rate': '1.98e-05', 'epoch': '0.621'}
{'loss': '0.7241', 'grad_norm': '18.96', 'learning_rate': '1.979e-05', 'epoch': '0.6274'}
{'loss': '0.5984', 'grad_norm': '7.269', 'learning_rate': '1.978e-05', 'epoch': '0.6339'}
{'loss': '0.5954', 'grad_norm': '13.86', 'learning_rate': '1.978e-05', 'epoch': '0.6404'}
{'loss': '0.5999', 'grad_norm': '22.7', 'learning_rate': '1.977e-05', 'epoch': '0.6468'}
{'loss': '0.6397', 'grad_norm': '11.93', 'learning_rate': '1.976e-05', 'epoch': '0.6533'}
{'loss': '0.6205', 'grad_norm': '20.56', 'learning_rate': '1.975e-05', 'epoch': '0.6598'}
{'loss': '0.6285', 'grad_norm': '23', 'learning_rate': '1.974e-05', 'epoch': '0.6662'}
{'loss': '0.5094', 'grad_norm': '23.3', 'learning_rate': '1.973e-05', 'epoch': '0.6727'}
{'loss': '0.5625', 'grad_norm': '24.3', 'learning_rate': '1.972e-05', 'epoch': '0.6792'}
{'loss': '0.6666', 'grad_norm': '12.89', 'learning_rate': '1.971e-05', 'epoch': '0.6856'}
{'loss': '0.575', 'grad_norm': '19.11', 'learning_rate': '1.97e-05', 'epoch': '0.6921'}
{'loss': '0.6811', 'grad_norm': '17.28', 'learning_rate': '1.969e-05', 'epoch': '0.6986'}
{'loss': '0.6633', 'grad_norm': '13.26', 'learning_rate': '1.967e-05', 'epoch': '0.705'}
{'loss': '0.4619', 'grad_norm': '17.55', 'learning_rate': '1.966e-05', 'epoch': '0.7115'}
{'loss': '0.6795', 'grad_norm': '34.57', 'learning_rate': '1.965e-05', 'epoch': '0.718'}
{'loss': '0.4678', 'grad_norm': '24.83', 'learning_rate': '1.964e-05', 'epoch': '0.7245'}
{'loss': '0.5951', 'grad_norm': '15.55', 'learning_rate': '1.963e-05', 'epoch': '0.7309'}
{'loss': '0.5841', 'grad_norm': '11.59', 'learning_rate': '1.962e-05', 'epoch': '0.7374'}
{'loss': '0.5716', 'grad_norm': '7.625', 'learning_rate': '1.96e-05', 'epoch': '0.7439'}
{'loss': '0.5849', 'grad_norm': '25.84', 'learning_rate': '1.959e-05', 'epoch': '0.7503'}
{'loss': '0.5675', 'grad_norm': '22.57', 'learning_rate': '1.958e-05', 'epoch': '0.7568'}
{'loss': '0.5511', 'grad_norm': '17.37', 'learning_rate': '1.957e-05', 'epoch': '0.7633'}
{'loss': '0.531', 'grad_norm': '12.7', 'learning_rate': '1.956e-05', 'epoch': '0.7697'}
{'loss': '0.5664', 'grad_norm': '18.71', 'learning_rate': '1.954e-05', 'epoch': '0.7762'}
{'loss': '0.5525', 'grad_norm': '12.72', 'learning_rate': '1.953e-05', 'epoch': '0.7827'}
{'loss': '0.4754', 'grad_norm': '21.55', 'learning_rate': '1.952e-05', 'epoch': '0.7891'}
{'loss': '0.607', 'grad_norm': '28.27', 'learning_rate': '1.95e-05', 'epoch': '0.7956'}
{'loss': '0.6997', 'grad_norm': '18.1', 'learning_rate': '1.949e-05', 'epoch': '0.8021'}
{'loss': '0.5562', 'grad_norm': '6.163', 'learning_rate': '1.948e-05', 'epoch': '0.8085'}
{'loss': '0.5244', 'grad_norm': '11.79', 'learning_rate': '1.946e-05', 'epoch': '0.815'}
{'loss': '0.5709', 'grad_norm': '7.787', 'learning_rate': '1.945e-05', 'epoch': '0.8215'}
{'loss': '0.6513', 'grad_norm': '15.64', 'learning_rate': '1.943e-05', 'epoch': '0.8279'}
{'loss': '0.6397', 'grad_norm': '22.8', 'learning_rate': '1.942e-05', 'epoch': '0.8344'}
{'loss': '0.5225', 'grad_norm': '20.43', 'learning_rate': '1.94e-05', 'epoch': '0.8409'}
{'loss': '0.5713', 'grad_norm': '14.12', 'learning_rate': '1.939e-05', 'epoch': '0.8473'}
{'loss': '0.6074', 'grad_norm': '13.03', 'learning_rate': '1.937e-05', 'epoch': '0.8538'}
{'loss': '0.5082', 'grad_norm': '19.41', 'learning_rate': '1.936e-05', 'epoch': '0.8603'}
{'loss': '0.5628', 'grad_norm': '14.37', 'learning_rate': '1.934e-05', 'epoch': '0.8668'}
{'loss': '0.5437', 'grad_norm': '18.56', 'learning_rate': '1.933e-05', 'epoch': '0.8732'}
{'loss': '0.5595', 'grad_norm': '15.25', 'learning_rate': '1.931e-05', 'epoch': '0.8797'}
{'loss': '0.5912', 'grad_norm': '15.47', 'learning_rate': '1.93e-05', 'epoch': '0.8862'}
{'loss': '0.5333', 'grad_norm': '19.7', 'learning_rate': '1.928e-05', 'epoch': '0.8926'}
{'loss': '0.5856', 'grad_norm': '11.05', 'learning_rate': '1.926e-05', 'epoch': '0.8991'}
{'loss': '0.5817', 'grad_norm': '16.54', 'learning_rate': '1.925e-05', 'epoch': '0.9056'}
{'loss': '0.5094', 'grad_norm': '20.11', 'learning_rate': '1.923e-05', 'epoch': '0.912'}
{'loss': '0.5569', 'grad_norm': '23.59', 'learning_rate': '1.921e-05', 'epoch': '0.9185'}
{'loss': '0.5428', 'grad_norm': '22.64', 'learning_rate': '1.92e-05', 'epoch': '0.925'}
{'loss': '0.6442', 'grad_norm': '18.13', 'learning_rate': '1.918e-05', 'epoch': '0.9314'}
{'loss': '0.4665', 'grad_norm': '15.5', 'learning_rate': '1.916e-05', 'epoch': '0.9379'}
{'loss': '0.6825', 'grad_norm': '11.66', 'learning_rate': '1.914e-05', 'epoch': '0.9444'}
{'loss': '0.5399', 'grad_norm': '13.19', 'learning_rate': '1.913e-05', 'epoch': '0.9508'}
{'loss': '0.6324', 'grad_norm': '15.21', 'learning_rate': '1.911e-05', 'epoch': '0.9573'}
{'loss': '0.4574', 'grad_norm': '21.19', 'learning_rate': '1.909e-05', 'epoch': '0.9638'}
{'loss': '0.6164', 'grad_norm': '18.47', 'learning_rate': '1.907e-05', 'epoch': '0.9702'}
{'loss': '0.604', 'grad_norm': '8.892', 'learning_rate': '1.905e-05', 'epoch': '0.9767'}
{'loss': '0.574', 'grad_norm': '26.03', 'learning_rate': '1.904e-05', 'epoch': '0.9832'}
{'loss': '0.5557', 'grad_norm': '16.37', 'learning_rate': '1.902e-05', 'epoch': '0.9897'}
{'loss': '0.6093', 'grad_norm': '16.57', 'learning_rate': '1.9e-05', 'epoch': '0.9961'}
{'eval_loss': '0.6046', 'eval_accuracy': '0.7682', 'eval_f1': '0.7722', 'eval_precision': '0.7704', 'eval_recall': '0.7817', 'eval_runtime': '17.8', 'eval_samples_per_second': '154.4', 'eval_steps_per_second': '9.664', 'epoch': '1'}
{'loss': '0.5607', 'grad_norm': '17.24', 'learning_rate': '1.898e-05', 'epoch': '1.003'}
{'loss': '0.5419', 'grad_norm': '10.58', 'learning_rate': '1.896e-05', 'epoch': '1.009'}
{'loss': '0.4302', 'grad_norm': '14.83', 'learning_rate': '1.894e-05', 'epoch': '1.016'}
{'loss': '0.5006', 'grad_norm': '12.57', 'learning_rate': '1.892e-05', 'epoch': '1.022'}
{'loss': '0.6617', 'grad_norm': '30.82', 'learning_rate': '1.89e-05', 'epoch': '1.028'}
{'loss': '0.5527', 'grad_norm': '25.98', 'learning_rate': '1.888e-05', 'epoch': '1.035'}
{'loss': '0.5882', 'grad_norm': '10.64', 'learning_rate': '1.886e-05', 'epoch': '1.041'}
{'loss': '0.5472', 'grad_norm': '7.705', 'learning_rate': '1.884e-05', 'epoch': '1.048'}
{'loss': '0.4496', 'grad_norm': '15.62', 'learning_rate': '1.882e-05', 'epoch': '1.054'}
{'loss': '0.5481', 'grad_norm': '23.09', 'learning_rate': '1.88e-05', 'epoch': '1.061'}
{'loss': '0.4482', 'grad_norm': '15.58', 'learning_rate': '1.878e-05', 'epoch': '1.067'}
{'loss': '0.5192', 'grad_norm': '12.01', 'learning_rate': '1.876e-05', 'epoch': '1.074'}
{'loss': '0.6185', 'grad_norm': '7.369', 'learning_rate': '1.874e-05', 'epoch': '1.08'}
{'loss': '0.5393', 'grad_norm': '23.76', 'learning_rate': '1.872e-05', 'epoch': '1.087'}
{'loss': '0.5106', 'grad_norm': '21.14', 'learning_rate': '1.869e-05', 'epoch': '1.093'}
{'loss': '0.4308', 'grad_norm': '20.52', 'learning_rate': '1.867e-05', 'epoch': '1.1'}
{'loss': '0.4776', 'grad_norm': '17.81', 'learning_rate': '1.865e-05', 'epoch': '1.106'}
{'loss': '0.5668', 'grad_norm': '21.69', 'learning_rate': '1.863e-05', 'epoch': '1.113'}
{'loss': '0.5942', 'grad_norm': '17.39', 'learning_rate': '1.861e-05', 'epoch': '1.119'}
{'loss': '0.5911', 'grad_norm': '15.52', 'learning_rate': '1.859e-05', 'epoch': '1.125'}
{'loss': '0.451', 'grad_norm': '7.418', 'learning_rate': '1.856e-05', 'epoch': '1.132'}
{'loss': '0.5373', 'grad_norm': '14.22', 'learning_rate': '1.854e-05', 'epoch': '1.138'}
{'loss': '0.5445', 'grad_norm': '17.88', 'learning_rate': '1.852e-05', 'epoch': '1.145'}
{'loss': '0.4348', 'grad_norm': '15.47', 'learning_rate': '1.85e-05', 'epoch': '1.151'}
{'loss': '0.4921', 'grad_norm': '12.83', 'learning_rate': '1.847e-05', 'epoch': '1.158'}
{'loss': '0.6543', 'grad_norm': '28.86', 'learning_rate': '1.845e-05', 'epoch': '1.164'}
{'loss': '0.4464', 'grad_norm': '18.55', 'learning_rate': '1.843e-05', 'epoch': '1.171'}
{'loss': '0.5562', 'grad_norm': '9.577', 'learning_rate': '1.84e-05', 'epoch': '1.177'}
{'loss': '0.667', 'grad_norm': '28.35', 'learning_rate': '1.838e-05', 'epoch': '1.184'}
{'loss': '0.5212', 'grad_norm': '10.18', 'learning_rate': '1.835e-05', 'epoch': '1.19'}
{'loss': '0.4926', 'grad_norm': '15.9', 'learning_rate': '1.833e-05', 'epoch': '1.197'}
{'loss': '0.516', 'grad_norm': '20.33', 'learning_rate': '1.831e-05', 'epoch': '1.203'}
{'loss': '0.6322', 'grad_norm': '24.06', 'learning_rate': '1.828e-05', 'epoch': '1.21'}
{'loss': '0.5176', 'grad_norm': '13.96', 'learning_rate': '1.826e-05', 'epoch': '1.216'}
{'loss': '0.4696', 'grad_norm': '15.72', 'learning_rate': '1.823e-05', 'epoch': '1.223'}
{'loss': '0.4839', 'grad_norm': '21.24', 'learning_rate': '1.821e-05', 'epoch': '1.229'}
{'loss': '0.4716', 'grad_norm': '19.25', 'learning_rate': '1.818e-05', 'epoch': '1.235'}
{'loss': '0.4381', 'grad_norm': '13.31', 'learning_rate': '1.816e-05', 'epoch': '1.242'}
{'loss': '0.433', 'grad_norm': '17.82', 'learning_rate': '1.813e-05', 'epoch': '1.248'}
{'loss': '0.5284', 'grad_norm': '24.41', 'learning_rate': '1.811e-05', 'epoch': '1.255'}
{'loss': '0.5052', 'grad_norm': '10.64', 'learning_rate': '1.808e-05', 'epoch': '1.261'}
{'loss': '0.6112', 'grad_norm': '18.35', 'learning_rate': '1.806e-05', 'epoch': '1.268'}
{'loss': '0.5028', 'grad_norm': '20.86', 'learning_rate': '1.803e-05', 'epoch': '1.274'}
{'loss': '0.5646', 'grad_norm': '17.35', 'learning_rate': '1.801e-05', 'epoch': '1.281'}
{'loss': '0.5839', 'grad_norm': '10.96', 'learning_rate': '1.798e-05', 'epoch': '1.287'}
{'loss': '0.5638', 'grad_norm': '21.34', 'learning_rate': '1.795e-05', 'epoch': '1.294'}
{'loss': '0.6081', 'grad_norm': '17.42', 'learning_rate': '1.793e-05', 'epoch': '1.3'}
{'loss': '0.5242', 'grad_norm': '15.33', 'learning_rate': '1.79e-05', 'epoch': '1.307'}
{'loss': '0.5794', 'grad_norm': '18.77', 'learning_rate': '1.787e-05', 'epoch': '1.313'}
{'loss': '0.5681', 'grad_norm': '11.38', 'learning_rate': '1.785e-05', 'epoch': '1.32'}
{'loss': '0.5783', 'grad_norm': '25.52', 'learning_rate': '1.782e-05', 'epoch': '1.326'}
{'loss': '0.4943', 'grad_norm': '10.19', 'learning_rate': '1.779e-05', 'epoch': '1.332'}
{'loss': '0.5594', 'grad_norm': '15.46', 'learning_rate': '1.776e-05', 'epoch': '1.339'}
{'loss': '0.501', 'grad_norm': '15.19', 'learning_rate': '1.774e-05', 'epoch': '1.345'}
{'loss': '0.606', 'grad_norm': '9.823', 'learning_rate': '1.771e-05', 'epoch': '1.352'}
{'loss': '0.5001', 'grad_norm': '15.35', 'learning_rate': '1.768e-05', 'epoch': '1.358'}
{'loss': '0.5689', 'grad_norm': '23.87', 'learning_rate': '1.765e-05', 'epoch': '1.365'}
{'loss': '0.6416', 'grad_norm': '19.75', 'learning_rate': '1.763e-05', 'epoch': '1.371'}
{'loss': '0.4904', 'grad_norm': '22.17', 'learning_rate': '1.76e-05', 'epoch': '1.378'}
{'loss': '0.5342', 'grad_norm': '11.62', 'learning_rate': '1.757e-05', 'epoch': '1.384'}
{'loss': '0.5645', 'grad_norm': '16.29', 'learning_rate': '1.754e-05', 'epoch': '1.391'}
{'loss': '0.5152', 'grad_norm': '19.62', 'learning_rate': '1.751e-05', 'epoch': '1.397'}
{'loss': '0.4967', 'grad_norm': '4.25', 'learning_rate': '1.748e-05', 'epoch': '1.404'}
{'loss': '0.4288', 'grad_norm': '13.14', 'learning_rate': '1.745e-05', 'epoch': '1.41'}
{'loss': '0.394', 'grad_norm': '21.2', 'learning_rate': '1.743e-05', 'epoch': '1.417'}
{'loss': '0.6887', 'grad_norm': '29.82', 'learning_rate': '1.74e-05', 'epoch': '1.423'}
{'loss': '0.5433', 'grad_norm': '17.21', 'learning_rate': '1.737e-05', 'epoch': '1.429'}
{'loss': '0.5169', 'grad_norm': '25.1', 'learning_rate': '1.734e-05', 'epoch': '1.436'}
{'loss': '0.5299', 'grad_norm': '24.05', 'learning_rate': '1.731e-05', 'epoch': '1.442'}
{'loss': '0.4891', 'grad_norm': '11.73', 'learning_rate': '1.728e-05', 'epoch': '1.449'}
{'loss': '0.583', 'grad_norm': '19.27', 'learning_rate': '1.725e-05', 'epoch': '1.455'}
{'loss': '0.5164', 'grad_norm': '21.26', 'learning_rate': '1.722e-05', 'epoch': '1.462'}
{'loss': '0.5561', 'grad_norm': '19.77', 'learning_rate': '1.719e-05', 'epoch': '1.468'}
{'loss': '0.5046', 'grad_norm': '18.22', 'learning_rate': '1.716e-05', 'epoch': '1.475'}
{'loss': '0.649', 'grad_norm': '16.97', 'learning_rate': '1.713e-05', 'epoch': '1.481'}
{'loss': '0.468', 'grad_norm': '25.02', 'learning_rate': '1.71e-05', 'epoch': '1.488'}
{'loss': '0.4778', 'grad_norm': '14.48', 'learning_rate': '1.707e-05', 'epoch': '1.494'}
{'loss': '0.6167', 'grad_norm': '18.74', 'learning_rate': '1.704e-05', 'epoch': '1.501'}
{'loss': '0.4501', 'grad_norm': '22.42', 'learning_rate': '1.7e-05', 'epoch': '1.507'}
{'loss': '0.4598', 'grad_norm': '16.08', 'learning_rate': '1.697e-05', 'epoch': '1.514'}
{'loss': '0.486', 'grad_norm': '12.62', 'learning_rate': '1.694e-05', 'epoch': '1.52'}
{'loss': '0.3874', 'grad_norm': '9.743', 'learning_rate': '1.691e-05', 'epoch': '1.527'}
{'loss': '0.4983', 'grad_norm': '24.66', 'learning_rate': '1.688e-05', 'epoch': '1.533'}
{'loss': '0.5491', 'grad_norm': '27.39', 'learning_rate': '1.685e-05', 'epoch': '1.539'}
{'loss': '0.4993', 'grad_norm': '67.14', 'learning_rate': '1.682e-05', 'epoch': '1.546'}
{'loss': '0.497', 'grad_norm': '13', 'learning_rate': '1.678e-05', 'epoch': '1.552'}
{'loss': '0.489', 'grad_norm': '10.36', 'learning_rate': '1.675e-05', 'epoch': '1.559'}
{'loss': '0.4604', 'grad_norm': '15', 'learning_rate': '1.672e-05', 'epoch': '1.565'}
{'loss': '0.617', 'grad_norm': '24.8', 'learning_rate': '1.669e-05', 'epoch': '1.572'}
{'loss': '0.6048', 'grad_norm': '9.44', 'learning_rate': '1.666e-05', 'epoch': '1.578'}
{'loss': '0.5974', 'grad_norm': '22.33', 'learning_rate': '1.662e-05', 'epoch': '1.585'}
{'loss': '0.5403', 'grad_norm': '18.51', 'learning_rate': '1.659e-05', 'epoch': '1.591'}
{'loss': '0.5028', 'grad_norm': '14.52', 'learning_rate': '1.656e-05', 'epoch': '1.598'}
{'loss': '0.5198', 'grad_norm': '10.15', 'learning_rate': '1.652e-05', 'epoch': '1.604'}
{'loss': '0.5308', 'grad_norm': '17.41', 'learning_rate': '1.649e-05', 'epoch': '1.611'}
{'loss': '0.4885', 'grad_norm': '17.68', 'learning_rate': '1.646e-05', 'epoch': '1.617'}
{'loss': '0.4336', 'grad_norm': '17.86', 'learning_rate': '1.643e-05', 'epoch': '1.624'}
{'loss': '0.522', 'grad_norm': '40.88', 'learning_rate': '1.639e-05', 'epoch': '1.63'}
{'loss': '0.6617', 'grad_norm': '12.56', 'learning_rate': '1.636e-05', 'epoch': '1.636'}
{'loss': '0.5537', 'grad_norm': '12.49', 'learning_rate': '1.633e-05', 'epoch': '1.643'}
{'loss': '0.4775', 'grad_norm': '8.203', 'learning_rate': '1.629e-05', 'epoch': '1.649'}
{'loss': '0.4764', 'grad_norm': '10.23', 'learning_rate': '1.626e-05', 'epoch': '1.656'}
{'loss': '0.6589', 'grad_norm': '15.67', 'learning_rate': '1.622e-05', 'epoch': '1.662'}
{'loss': '0.4799', 'grad_norm': '16.89', 'learning_rate': '1.619e-05', 'epoch': '1.669'}
{'loss': '0.5262', 'grad_norm': '19.19', 'learning_rate': '1.616e-05', 'epoch': '1.675'}
{'loss': '0.5499', 'grad_norm': '11.82', 'learning_rate': '1.612e-05', 'epoch': '1.682'}
{'loss': '0.626', 'grad_norm': '18.69', 'learning_rate': '1.609e-05', 'epoch': '1.688'}
{'loss': '0.3826', 'grad_norm': '11.51', 'learning_rate': '1.605e-05', 'epoch': '1.695'}
{'loss': '0.4904', 'grad_norm': '12.07', 'learning_rate': '1.602e-05', 'epoch': '1.701'}
{'loss': '0.5522', 'grad_norm': '15.66', 'learning_rate': '1.598e-05', 'epoch': '1.708'}
{'loss': '0.4971', 'grad_norm': '16.87', 'learning_rate': '1.595e-05', 'epoch': '1.714'}
{'loss': '0.5666', 'grad_norm': '15.54', 'learning_rate': '1.591e-05', 'epoch': '1.721'}
{'loss': '0.6287', 'grad_norm': '10.04', 'learning_rate': '1.588e-05', 'epoch': '1.727'}
{'loss': '0.6009', 'grad_norm': '10.42', 'learning_rate': '1.584e-05', 'epoch': '1.734'}
{'loss': '0.464', 'grad_norm': '11.97', 'learning_rate': '1.581e-05', 'epoch': '1.74'}
{'loss': '0.5315', 'grad_norm': '21.33', 'learning_rate': '1.577e-05', 'epoch': '1.746'}
{'loss': '0.5172', 'grad_norm': '16.12', 'learning_rate': '1.574e-05', 'epoch': '1.753'}
{'loss': '0.4301', 'grad_norm': '40.12', 'learning_rate': '1.57e-05', 'epoch': '1.759'}
{'loss': '0.549', 'grad_norm': '15.85', 'learning_rate': '1.566e-05', 'epoch': '1.766'}
{'loss': '0.5315', 'grad_norm': '12.16', 'learning_rate': '1.563e-05', 'epoch': '1.772'}
{'loss': '0.4621', 'grad_norm': '9.721', 'learning_rate': '1.559e-05', 'epoch': '1.779'}
{'loss': '0.5592', 'grad_norm': '14.36', 'learning_rate': '1.556e-05', 'epoch': '1.785'}
{'loss': '0.5645', 'grad_norm': '14.13', 'learning_rate': '1.552e-05', 'epoch': '1.792'}
{'loss': '0.5518', 'grad_norm': '16.24', 'learning_rate': '1.548e-05', 'epoch': '1.798'}
{'loss': '0.5883', 'grad_norm': '22.5', 'learning_rate': '1.545e-05', 'epoch': '1.805'}
{'loss': '0.4075', 'grad_norm': '15.75', 'learning_rate': '1.541e-05', 'epoch': '1.811'}
{'loss': '0.4696', 'grad_norm': '21.65', 'learning_rate': '1.538e-05', 'epoch': '1.818'}
{'loss': '0.5147', 'grad_norm': '9.875', 'learning_rate': '1.534e-05', 'epoch': '1.824'}
{'loss': '0.5181', 'grad_norm': '5.595', 'learning_rate': '1.53e-05', 'epoch': '1.831'}
{'loss': '0.416', 'grad_norm': '18.64', 'learning_rate': '1.526e-05', 'epoch': '1.837'}
{'loss': '0.3907', 'grad_norm': '20.21', 'learning_rate': '1.523e-05', 'epoch': '1.843'}
{'loss': '0.442', 'grad_norm': '25.73', 'learning_rate': '1.519e-05', 'epoch': '1.85'}
{'loss': '0.448', 'grad_norm': '23.76', 'learning_rate': '1.515e-05', 'epoch': '1.856'}
{'loss': '0.4558', 'grad_norm': '16.16', 'learning_rate': '1.512e-05', 'epoch': '1.863'}
{'loss': '0.6263', 'grad_norm': '45.14', 'learning_rate': '1.508e-05', 'epoch': '1.869'}
{'loss': '0.4623', 'grad_norm': '11.48', 'learning_rate': '1.504e-05', 'epoch': '1.876'}
{'loss': '0.4777', 'grad_norm': '15.51', 'learning_rate': '1.5e-05', 'epoch': '1.882'}
{'loss': '0.5504', 'grad_norm': '17.2', 'learning_rate': '1.497e-05', 'epoch': '1.889'}
{'loss': '0.4032', 'grad_norm': '10.02', 'learning_rate': '1.493e-05', 'epoch': '1.895'}
{'loss': '0.4802', 'grad_norm': '15.89', 'learning_rate': '1.489e-05', 'epoch': '1.902'}
{'loss': '0.5315', 'grad_norm': '9.023', 'learning_rate': '1.485e-05', 'epoch': '1.908'}
{'loss': '0.4105', 'grad_norm': '13.28', 'learning_rate': '1.481e-05', 'epoch': '1.915'}
{'loss': '0.6372', 'grad_norm': '25.31', 'learning_rate': '1.478e-05', 'epoch': '1.921'}
{'loss': '0.5308', 'grad_norm': '11.13', 'learning_rate': '1.474e-05', 'epoch': '1.928'}
{'loss': '0.5434', 'grad_norm': '15.22', 'learning_rate': '1.47e-05', 'epoch': '1.934'}
{'loss': '0.57', 'grad_norm': '22.46', 'learning_rate': '1.466e-05', 'epoch': '1.94'}
{'loss': '0.5447', 'grad_norm': '12.89', 'learning_rate': '1.462e-05', 'epoch': '1.947'}
{'loss': '0.5421', 'grad_norm': '20.07', 'learning_rate': '1.458e-05', 'epoch': '1.953'}
{'loss': '0.515', 'grad_norm': '12.76', 'learning_rate': '1.455e-05', 'epoch': '1.96'}
{'loss': '0.4741', 'grad_norm': '14.03', 'learning_rate': '1.451e-05', 'epoch': '1.966'}
{'loss': '0.4952', 'grad_norm': '15.86', 'learning_rate': '1.447e-05', 'epoch': '1.973'}
{'loss': '0.5119', 'grad_norm': '15.31', 'learning_rate': '1.443e-05', 'epoch': '1.979'}
{'loss': '0.4893', 'grad_norm': '25.73', 'learning_rate': '1.439e-05', 'epoch': '1.986'}
{'loss': '0.5003', 'grad_norm': '9.584', 'learning_rate': '1.435e-05', 'epoch': '1.992'}
{'loss': '0.543', 'grad_norm': '22.62', 'learning_rate': '1.431e-05', 'epoch': '1.999'}
{'eval_loss': '0.6179', 'eval_accuracy': '0.7711', 'eval_f1': '0.7742', 'eval_precision': '0.7743', 'eval_recall': '0.7813', 'eval_runtime': '17.83', 'eval_samples_per_second': '154.1', 'eval_steps_per_second': '9.645', 'epoch': '2'}
{'loss': '0.5115', 'grad_norm': '14.95', 'learning_rate': '1.427e-05', 'epoch': '2.005'}
{'loss': '0.4825', 'grad_norm': '9.844', 'learning_rate': '1.423e-05', 'epoch': '2.012'}
{'loss': '0.5016', 'grad_norm': '19.94', 'learning_rate': '1.419e-05', 'epoch': '2.018'}
{'loss': '0.3958', 'grad_norm': '17.41', 'learning_rate': '1.415e-05', 'epoch': '2.025'}
{'loss': '0.3927', 'grad_norm': '17.7', 'learning_rate': '1.411e-05', 'epoch': '2.031'}
{'loss': '0.4325', 'grad_norm': '17.06', 'learning_rate': '1.408e-05', 'epoch': '2.038'}
{'loss': '0.4515', 'grad_norm': '21.62', 'learning_rate': '1.404e-05', 'epoch': '2.044'}
{'loss': '0.4524', 'grad_norm': '17.55', 'learning_rate': '1.4e-05', 'epoch': '2.05'}
{'loss': '0.4212', 'grad_norm': '20.25', 'learning_rate': '1.396e-05', 'epoch': '2.057'}
{'loss': '0.4322', 'grad_norm': '27.8', 'learning_rate': '1.392e-05', 'epoch': '2.063'}
{'loss': '0.6025', 'grad_norm': '26.29', 'learning_rate': '1.388e-05', 'epoch': '2.07'}
{'loss': '0.4181', 'grad_norm': '23.25', 'learning_rate': '1.384e-05', 'epoch': '2.076'}
{'loss': '0.4819', 'grad_norm': '10.52', 'learning_rate': '1.38e-05', 'epoch': '2.083'}
{'loss': '0.3977', 'grad_norm': '18.25', 'learning_rate': '1.376e-05', 'epoch': '2.089'}
{'loss': '0.5526', 'grad_norm': '13.57', 'learning_rate': '1.372e-05', 'epoch': '2.096'}
{'loss': '0.48', 'grad_norm': '11.3', 'learning_rate': '1.367e-05', 'epoch': '2.102'}
{'loss': '0.335', 'grad_norm': '14.9', 'learning_rate': '1.363e-05', 'epoch': '2.109'}
{'loss': '0.3949', 'grad_norm': '23.52', 'learning_rate': '1.359e-05', 'epoch': '2.115'}
{'loss': '0.4606', 'grad_norm': '27.9', 'learning_rate': '1.355e-05', 'epoch': '2.122'}
{'loss': '0.4394', 'grad_norm': '19.52', 'learning_rate': '1.351e-05', 'epoch': '2.128'}
{'loss': '0.512', 'grad_norm': '17.82', 'learning_rate': '1.347e-05', 'epoch': '2.135'}
{'loss': '0.4617', 'grad_norm': '10.75', 'learning_rate': '1.343e-05', 'epoch': '2.141'}
{'loss': '0.5165', 'grad_norm': '9.369', 'learning_rate': '1.339e-05', 'epoch': '2.147'}
{'loss': '0.4023', 'grad_norm': '19.58', 'learning_rate': '1.335e-05', 'epoch': '2.154'}
{'loss': '0.459', 'grad_norm': '18.56', 'learning_rate': '1.331e-05', 'epoch': '2.16'}
{'loss': '0.5468', 'grad_norm': '22.29', 'learning_rate': '1.327e-05', 'epoch': '2.167'}
{'loss': '0.4548', 'grad_norm': '12.17', 'learning_rate': '1.323e-05', 'epoch': '2.173'}
{'loss': '0.448', 'grad_norm': '30.13', 'learning_rate': '1.319e-05', 'epoch': '2.18'}
{'loss': '0.4365', 'grad_norm': '18.05', 'learning_rate': '1.314e-05', 'epoch': '2.186'}
{'loss': '0.487', 'grad_norm': '10.87', 'learning_rate': '1.31e-05', 'epoch': '2.193'}
{'loss': '0.4925', 'grad_norm': '8.383', 'learning_rate': '1.306e-05', 'epoch': '2.199'}
{'loss': '0.4549', 'grad_norm': '14.32', 'learning_rate': '1.302e-05', 'epoch': '2.206'}
{'loss': '0.3804', 'grad_norm': '19.37', 'learning_rate': '1.298e-05', 'epoch': '2.212'}
{'loss': '0.3901', 'grad_norm': '7.479', 'learning_rate': '1.294e-05', 'epoch': '2.219'}
{'loss': '0.436', 'grad_norm': '47.47', 'learning_rate': '1.29e-05', 'epoch': '2.225'}
{'loss': '0.5076', 'grad_norm': '11.77', 'learning_rate': '1.285e-05', 'epoch': '2.232'}
{'loss': '0.4787', 'grad_norm': '24.31', 'learning_rate': '1.281e-05', 'epoch': '2.238'}
{'loss': '0.3795', 'grad_norm': '26.87', 'learning_rate': '1.277e-05', 'epoch': '2.245'}
{'loss': '0.5975', 'grad_norm': '44.88', 'learning_rate': '1.273e-05', 'epoch': '2.251'}
{'loss': '0.5187', 'grad_norm': '18.11', 'learning_rate': '1.269e-05', 'epoch': '2.257'}
{'loss': '0.3526', 'grad_norm': '26.97', 'learning_rate': '1.264e-05', 'epoch': '2.264'}
{'loss': '0.5093', 'grad_norm': '20.95', 'learning_rate': '1.26e-05', 'epoch': '2.27'}
{'loss': '0.4133', 'grad_norm': '21.8', 'learning_rate': '1.256e-05', 'epoch': '2.277'}
{'loss': '0.4743', 'grad_norm': '19.75', 'learning_rate': '1.252e-05', 'epoch': '2.283'}
{'loss': '0.4675', 'grad_norm': '13.02', 'learning_rate': '1.248e-05', 'epoch': '2.29'}
{'loss': '0.5118', 'grad_norm': '16.39', 'learning_rate': '1.243e-05', 'epoch': '2.296'}
{'loss': '0.4285', 'grad_norm': '16.53', 'learning_rate': '1.239e-05', 'epoch': '2.303'}
{'loss': '0.3955', 'grad_norm': '20.71', 'learning_rate': '1.235e-05', 'epoch': '2.309'}
{'loss': '0.5825', 'grad_norm': '13.91', 'learning_rate': '1.231e-05', 'epoch': '2.316'}
{'loss': '0.4697', 'grad_norm': '13.3', 'learning_rate': '1.227e-05', 'epoch': '2.322'}
{'loss': '0.4652', 'grad_norm': '19.36', 'learning_rate': '1.222e-05', 'epoch': '2.329'}
{'loss': '0.4387', 'grad_norm': '11.1', 'learning_rate': '1.218e-05', 'epoch': '2.335'}
{'loss': '0.4447', 'grad_norm': '7.671', 'learning_rate': '1.214e-05', 'epoch': '2.342'}
{'loss': '0.5234', 'grad_norm': '10.06', 'learning_rate': '1.21e-05', 'epoch': '2.348'}
{'loss': '0.4008', 'grad_norm': '8.833', 'learning_rate': '1.205e-05', 'epoch': '2.354'}
{'loss': '0.4088', 'grad_norm': '14.97', 'learning_rate': '1.201e-05', 'epoch': '2.361'}
{'loss': '0.3799', 'grad_norm': '26.11', 'learning_rate': '1.197e-05', 'epoch': '2.367'}
{'loss': '0.3585', 'grad_norm': '14.85', 'learning_rate': '1.193e-05', 'epoch': '2.374'}
{'loss': '0.4064', 'grad_norm': '15.36', 'learning_rate': '1.188e-05', 'epoch': '2.38'}
{'loss': '0.3986', 'grad_norm': '14.11', 'learning_rate': '1.184e-05', 'epoch': '2.387'}
{'loss': '0.5505', 'grad_norm': '31.39', 'learning_rate': '1.18e-05', 'epoch': '2.393'}
{'loss': '0.3435', 'grad_norm': '14.38', 'learning_rate': '1.176e-05', 'epoch': '2.4'}
{'loss': '0.575', 'grad_norm': '15.3', 'learning_rate': '1.171e-05', 'epoch': '2.406'}
{'loss': '0.409', 'grad_norm': '5.467', 'learning_rate': '1.167e-05', 'epoch': '2.413'}
{'loss': '0.3859', 'grad_norm': '15.51', 'learning_rate': '1.163e-05', 'epoch': '2.419'}
{'loss': '0.5485', 'grad_norm': '31.46', 'learning_rate': '1.158e-05', 'epoch': '2.426'}
{'loss': '0.5024', 'grad_norm': '24.87', 'learning_rate': '1.154e-05', 'epoch': '2.432'}
{'loss': '0.6169', 'grad_norm': '23.33', 'learning_rate': '1.15e-05', 'epoch': '2.439'}
{'loss': '0.4365', 'grad_norm': '35.52', 'learning_rate': '1.145e-05', 'epoch': '2.445'}
{'loss': '0.5375', 'grad_norm': '20.71', 'learning_rate': '1.141e-05', 'epoch': '2.451'}
{'loss': '0.4796', 'grad_norm': '13.55', 'learning_rate': '1.137e-05', 'epoch': '2.458'}
{'loss': '0.4333', 'grad_norm': '13.44', 'learning_rate': '1.133e-05', 'epoch': '2.464'}
{'loss': '0.5181', 'grad_norm': '14.79', 'learning_rate': '1.128e-05', 'epoch': '2.471'}
{'loss': '0.3386', 'grad_norm': '14.33', 'learning_rate': '1.124e-05', 'epoch': '2.477'}
{'loss': '0.4903', 'grad_norm': '11.33', 'learning_rate': '1.12e-05', 'epoch': '2.484'}
{'loss': '0.5056', 'grad_norm': '16.96', 'learning_rate': '1.115e-05', 'epoch': '2.49'}
{'loss': '0.4544', 'grad_norm': '19.28', 'learning_rate': '1.111e-05', 'epoch': '2.497'}
{'loss': '0.5258', 'grad_norm': '10.39', 'learning_rate': '1.107e-05', 'epoch': '2.503'}
{'loss': '0.5073', 'grad_norm': '14.83', 'learning_rate': '1.102e-05', 'epoch': '2.51'}
{'loss': '0.4251', 'grad_norm': '29.83', 'learning_rate': '1.098e-05', 'epoch': '2.516'}
{'loss': '0.529', 'grad_norm': '13.68', 'learning_rate': '1.094e-05', 'epoch': '2.523'}
{'loss': '0.5665', 'grad_norm': '10.42', 'learning_rate': '1.089e-05', 'epoch': '2.529'}
{'loss': '0.4404', 'grad_norm': '10.1', 'learning_rate': '1.085e-05', 'epoch': '2.536'}
{'loss': '0.4535', 'grad_norm': '16.3', 'learning_rate': '1.081e-05', 'epoch': '2.542'}
{'loss': '0.5767', 'grad_norm': '16.32', 'learning_rate': '1.076e-05', 'epoch': '2.549'}
{'loss': '0.5161', 'grad_norm': '15.36', 'learning_rate': '1.072e-05', 'epoch': '2.555'}
{'loss': '0.4207', 'grad_norm': '13.72', 'learning_rate': '1.068e-05', 'epoch': '2.561'}
{'loss': '0.5902', 'grad_norm': '18.43', 'learning_rate': '1.063e-05', 'epoch': '2.568'}
{'loss': '0.4739', 'grad_norm': '19.11', 'learning_rate': '1.059e-05', 'epoch': '2.574'}
{'loss': '0.53', 'grad_norm': '16.24', 'learning_rate': '1.055e-05', 'epoch': '2.581'}
{'loss': '0.3872', 'grad_norm': '15.6', 'learning_rate': '1.05e-05', 'epoch': '2.587'}
{'loss': '0.4574', 'grad_norm': '13.28', 'learning_rate': '1.046e-05', 'epoch': '2.594'}
{'loss': '0.4554', 'grad_norm': '18.46', 'learning_rate': '1.042e-05', 'epoch': '2.6'}
{'loss': '0.5271', 'grad_norm': '12.34', 'learning_rate': '1.037e-05', 'epoch': '2.607'}
{'loss': '0.3612', 'grad_norm': '18.06', 'learning_rate': '1.033e-05', 'epoch': '2.613'}
{'loss': '0.5363', 'grad_norm': '14.37', 'learning_rate': '1.029e-05', 'epoch': '2.62'}
{'loss': '0.4764', 'grad_norm': '10.65', 'learning_rate': '1.024e-05', 'epoch': '2.626'}
{'loss': '0.3352', 'grad_norm': '17.06', 'learning_rate': '1.02e-05', 'epoch': '2.633'}
{'loss': '0.6224', 'grad_norm': '20.44', 'learning_rate': '1.016e-05', 'epoch': '2.639'}
{'loss': '0.4609', 'grad_norm': '18.07', 'learning_rate': '1.011e-05', 'epoch': '2.646'}
{'loss': '0.3986', 'grad_norm': '17.8', 'learning_rate': '1.007e-05', 'epoch': '2.652'}
{'loss': '0.5159', 'grad_norm': '10.4', 'learning_rate': '1.003e-05', 'epoch': '2.658'}
{'loss': '0.6032', 'grad_norm': '27.93', 'learning_rate': '9.983e-06', 'epoch': '2.665'}
{'loss': '0.4587', 'grad_norm': '16.89', 'learning_rate': '9.939e-06', 'epoch': '2.671'}
{'loss': '0.5075', 'grad_norm': '12.92', 'learning_rate': '9.896e-06', 'epoch': '2.678'}
{'loss': '0.5078', 'grad_norm': '17.05', 'learning_rate': '9.852e-06', 'epoch': '2.684'}
{'loss': '0.3677', 'grad_norm': '10.52', 'learning_rate': '9.809e-06', 'epoch': '2.691'}
{'loss': '0.5653', 'grad_norm': '11', 'learning_rate': '9.765e-06', 'epoch': '2.697'}
{'loss': '0.5668', 'grad_norm': '6.838', 'learning_rate': '9.722e-06', 'epoch': '2.704'}
{'loss': '0.4265', 'grad_norm': '22.85', 'learning_rate': '9.679e-06', 'epoch': '2.71'}
{'loss': '0.4933', 'grad_norm': '13.79', 'learning_rate': '9.635e-06', 'epoch': '2.717'}
{'loss': '0.4021', 'grad_norm': '16.08', 'learning_rate': '9.592e-06', 'epoch': '2.723'}
{'loss': '0.4365', 'grad_norm': '24.81', 'learning_rate': '9.548e-06', 'epoch': '2.73'}
{'loss': '0.3658', 'grad_norm': '16.28', 'learning_rate': '9.505e-06', 'epoch': '2.736'}
{'loss': '0.5907', 'grad_norm': '36.26', 'learning_rate': '9.461e-06', 'epoch': '2.743'}
{'loss': '0.3493', 'grad_norm': '12.72', 'learning_rate': '9.418e-06', 'epoch': '2.749'}
{'loss': '0.4802', 'grad_norm': '19.45', 'learning_rate': '9.375e-06', 'epoch': '2.755'}
{'loss': '0.3999', 'grad_norm': '18.03', 'learning_rate': '9.331e-06', 'epoch': '2.762'}
{'loss': '0.3569', 'grad_norm': '14.4', 'learning_rate': '9.288e-06', 'epoch': '2.768'}
{'loss': '0.548', 'grad_norm': '20.84', 'learning_rate': '9.245e-06', 'epoch': '2.775'}
{'loss': '0.5036', 'grad_norm': '14.92', 'learning_rate': '9.201e-06', 'epoch': '2.781'}
{'loss': '0.4393', 'grad_norm': '18.18', 'learning_rate': '9.158e-06', 'epoch': '2.788'}
{'loss': '0.496', 'grad_norm': '11.51', 'learning_rate': '9.115e-06', 'epoch': '2.794'}
{'loss': '0.4879', 'grad_norm': '7.597', 'learning_rate': '9.071e-06', 'epoch': '2.801'}
{'loss': '0.5129', 'grad_norm': '15.28', 'learning_rate': '9.028e-06', 'epoch': '2.807'}
{'loss': '0.4054', 'grad_norm': '4.262', 'learning_rate': '8.985e-06', 'epoch': '2.814'}
{'loss': '0.3927', 'grad_norm': '12.76', 'learning_rate': '8.942e-06', 'epoch': '2.82'}
{'loss': '0.4688', 'grad_norm': '16.56', 'learning_rate': '8.899e-06', 'epoch': '2.827'}
{'loss': '0.4897', 'grad_norm': '19.91', 'learning_rate': '8.855e-06', 'epoch': '2.833'}
{'loss': '0.4202', 'grad_norm': '14.25', 'learning_rate': '8.812e-06', 'epoch': '2.84'}
{'loss': '0.4158', 'grad_norm': '16.35', 'learning_rate': '8.769e-06', 'epoch': '2.846'}
{'loss': '0.4588', 'grad_norm': '21.44', 'learning_rate': '8.726e-06', 'epoch': '2.853'}
{'loss': '0.4255', 'grad_norm': '15.17', 'learning_rate': '8.683e-06', 'epoch': '2.859'}
{'loss': '0.3482', 'grad_norm': '11.99', 'learning_rate': '8.64e-06', 'epoch': '2.865'}
{'loss': '0.3985', 'grad_norm': '22.31', 'learning_rate': '8.597e-06', 'epoch': '2.872'}
{'loss': '0.393', 'grad_norm': '26.11', 'learning_rate': '8.554e-06', 'epoch': '2.878'}
{'loss': '0.5019', 'grad_norm': '22.09', 'learning_rate': '8.511e-06', 'epoch': '2.885'}
{'loss': '0.5112', 'grad_norm': '20.72', 'learning_rate': '8.468e-06', 'epoch': '2.891'}
{'loss': '0.4397', 'grad_norm': '7.486', 'learning_rate': '8.425e-06', 'epoch': '2.898'}
{'loss': '0.442', 'grad_norm': '12.17', 'learning_rate': '8.382e-06', 'epoch': '2.904'}
{'loss': '0.3907', 'grad_norm': '10.6', 'learning_rate': '8.339e-06', 'epoch': '2.911'}
{'loss': '0.4238', 'grad_norm': '13.95', 'learning_rate': '8.296e-06', 'epoch': '2.917'}
{'loss': '0.4679', 'grad_norm': '18.12', 'learning_rate': '8.254e-06', 'epoch': '2.924'}
{'loss': '0.4133', 'grad_norm': '18.73', 'learning_rate': '8.211e-06', 'epoch': '2.93'}
{'loss': '0.4464', 'grad_norm': '13.28', 'learning_rate': '8.168e-06', 'epoch': '2.937'}
{'loss': '0.4175', 'grad_norm': '15.26', 'learning_rate': '8.125e-06', 'epoch': '2.943'}
{'loss': '0.4542', 'grad_norm': '23.48', 'learning_rate': '8.083e-06', 'epoch': '2.95'}
{'loss': '0.3841', 'grad_norm': '10.7', 'learning_rate': '8.04e-06', 'epoch': '2.956'}
{'loss': '0.4028', 'grad_norm': '14.25', 'learning_rate': '7.997e-06', 'epoch': '2.962'}
{'loss': '0.3955', 'grad_norm': '22.27', 'learning_rate': '7.955e-06', 'epoch': '2.969'}
{'loss': '0.4373', 'grad_norm': '21.88', 'learning_rate': '7.912e-06', 'epoch': '2.975'}
{'loss': '0.5053', 'grad_norm': '16.18', 'learning_rate': '7.87e-06', 'epoch': '2.982'}
{'loss': '0.4763', 'grad_norm': '16.52', 'learning_rate': '7.827e-06', 'epoch': '2.988'}
{'loss': '0.4931', 'grad_norm': '17.53', 'learning_rate': '7.785e-06', 'epoch': '2.995'}
{'eval_loss': '0.5489', 'eval_accuracy': '0.7886', 'eval_f1': '0.792', 'eval_precision': '0.79', 'eval_recall': '0.7979', 'eval_runtime': '17.81', 'eval_samples_per_second': '154.3', 'eval_steps_per_second': '9.659', 'epoch': '3'}
{'loss': '0.4019', 'grad_norm': '21.3', 'learning_rate': '7.743e-06', 'epoch': '3.001'}
{'loss': '0.4327', 'grad_norm': '16.51', 'learning_rate': '7.7e-06', 'epoch': '3.008'}
{'loss': '0.3947', 'grad_norm': '19.76', 'learning_rate': '7.658e-06', 'epoch': '3.014'}
{'loss': '0.4245', 'grad_norm': '11.44', 'learning_rate': '7.616e-06', 'epoch': '3.021'}
{'loss': '0.4307', 'grad_norm': '11.25', 'learning_rate': '7.574e-06', 'epoch': '3.027'}
{'loss': '0.4743', 'grad_norm': '15.66', 'learning_rate': '7.532e-06', 'epoch': '3.034'}
{'loss': '0.4261', 'grad_norm': '11.21', 'learning_rate': '7.49e-06', 'epoch': '3.04'}
{'loss': '0.4436', 'grad_norm': '14.42', 'learning_rate': '7.448e-06', 'epoch': '3.047'}
{'loss': '0.4142', 'grad_norm': '16.81', 'learning_rate': '7.406e-06', 'epoch': '3.053'}
{'loss': '0.3965', 'grad_norm': '10.41', 'learning_rate': '7.364e-06', 'epoch': '3.06'}
{'loss': '0.3709', 'grad_norm': '15.57', 'learning_rate': '7.322e-06', 'epoch': '3.066'}
{'loss': '0.438', 'grad_norm': '18.3', 'learning_rate': '7.28e-06', 'epoch': '3.072'}
{'loss': '0.4778', 'grad_norm': '25.02', 'learning_rate': '7.238e-06', 'epoch': '3.079'}
{'loss': '0.3439', 'grad_norm': '32.86', 'learning_rate': '7.196e-06', 'epoch': '3.085'}
{'loss': '0.5115', 'grad_norm': '34.65', 'learning_rate': '7.155e-06', 'epoch': '3.092'}
{'loss': '0.3327', 'grad_norm': '17.17', 'learning_rate': '7.113e-06', 'epoch': '3.098'}
{'loss': '0.4067', 'grad_norm': '14.83', 'learning_rate': '7.071e-06', 'epoch': '3.105'}
{'loss': '0.3203', 'grad_norm': '25.92', 'learning_rate': '7.03e-06', 'epoch': '3.111'}
{'loss': '0.4448', 'grad_norm': '21.56', 'learning_rate': '6.988e-06', 'epoch': '3.118'}
{'loss': '0.3396', 'grad_norm': '10.23', 'learning_rate': '6.947e-06', 'epoch': '3.124'}
{'loss': '0.4197', 'grad_norm': '21.26', 'learning_rate': '6.906e-06', 'epoch': '3.131'}
{'loss': '0.3544', 'grad_norm': '15.4', 'learning_rate': '6.864e-06', 'epoch': '3.137'}
{'loss': '0.4015', 'grad_norm': '18.49', 'learning_rate': '6.823e-06', 'epoch': '3.144'}
{'loss': '0.5029', 'grad_norm': '15.99', 'learning_rate': '6.782e-06', 'epoch': '3.15'}
{'loss': '0.3851', 'grad_norm': '14.36', 'learning_rate': '6.741e-06', 'epoch': '3.157'}
{'loss': '0.4956', 'grad_norm': '19.69', 'learning_rate': '6.7e-06', 'epoch': '3.163'}
{'loss': '0.4924', 'grad_norm': '10.38', 'learning_rate': '6.659e-06', 'epoch': '3.169'}
{'loss': '0.4286', 'grad_norm': '23.82', 'learning_rate': '6.618e-06', 'epoch': '3.176'}
{'loss': '0.3554', 'grad_norm': '16.43', 'learning_rate': '6.577e-06', 'epoch': '3.182'}
{'loss': '0.4056', 'grad_norm': '15.35', 'learning_rate': '6.536e-06', 'epoch': '3.189'}
{'loss': '0.4247', 'grad_norm': '21.9', 'learning_rate': '6.496e-06', 'epoch': '3.195'}
{'loss': '0.332', 'grad_norm': '13.16', 'learning_rate': '6.455e-06', 'epoch': '3.202'}
{'loss': '0.4139', 'grad_norm': '13.01', 'learning_rate': '6.414e-06', 'epoch': '3.208'}
{'loss': '0.344', 'grad_norm': '15.21', 'learning_rate': '6.374e-06', 'epoch': '3.215'}
{'loss': '0.4646', 'grad_norm': '15.11', 'learning_rate': '6.333e-06', 'epoch': '3.221'}
{'loss': '0.2755', 'grad_norm': '19.98', 'learning_rate': '6.293e-06', 'epoch': '3.228'}
{'loss': '0.4185', 'grad_norm': '14.96', 'learning_rate': '6.253e-06', 'epoch': '3.234'}
{'loss': '0.3826', 'grad_norm': '8.508', 'learning_rate': '6.212e-06', 'epoch': '3.241'}
{'loss': '0.3181', 'grad_norm': '19.09', 'learning_rate': '6.172e-06', 'epoch': '3.247'}
{'loss': '0.442', 'grad_norm': '16.47', 'learning_rate': '6.132e-06', 'epoch': '3.254'}
{'loss': '0.3692', 'grad_norm': '16.56', 'learning_rate': '6.092e-06', 'epoch': '3.26'}
{'loss': '0.4611', 'grad_norm': '24.79', 'learning_rate': '6.052e-06', 'epoch': '3.266'}
{'loss': '0.4324', 'grad_norm': '20.62', 'learning_rate': '6.012e-06', 'epoch': '3.273'}
{'loss': '0.3958', 'grad_norm': '15.82', 'learning_rate': '5.972e-06', 'epoch': '3.279'}
{'loss': '0.4418', 'grad_norm': '9.263', 'learning_rate': '5.933e-06', 'epoch': '3.286'}
{'loss': '0.4186', 'grad_norm': '13.76', 'learning_rate': '5.893e-06', 'epoch': '3.292'}
{'loss': '0.4798', 'grad_norm': '24.23', 'learning_rate': '5.853e-06', 'epoch': '3.299'}
{'loss': '0.4071', 'grad_norm': '14.9', 'learning_rate': '5.814e-06', 'epoch': '3.305'}
{'loss': '0.4888', 'grad_norm': '14.44', 'learning_rate': '5.774e-06', 'epoch': '3.312'}
{'loss': '0.4822', 'grad_norm': '12.85', 'learning_rate': '5.735e-06', 'epoch': '3.318'}
{'loss': '0.3607', 'grad_norm': '15.29', 'learning_rate': '5.696e-06', 'epoch': '3.325'}
{'loss': '0.4769', 'grad_norm': '11.51', 'learning_rate': '5.657e-06', 'epoch': '3.331'}
{'loss': '0.318', 'grad_norm': '17.81', 'learning_rate': '5.618e-06', 'epoch': '3.338'}
{'loss': '0.4107', 'grad_norm': '9.31', 'learning_rate': '5.579e-06', 'epoch': '3.344'}
{'loss': '0.4157', 'grad_norm': '24.56', 'learning_rate': '5.54e-06', 'epoch': '3.351'}
{'loss': '0.4864', 'grad_norm': '27.3', 'learning_rate': '5.501e-06', 'epoch': '3.357'}
{'loss': '0.2431', 'grad_norm': '15.02', 'learning_rate': '5.462e-06', 'epoch': '3.364'}
{'loss': '0.3454', 'grad_norm': '16.3', 'learning_rate': '5.423e-06', 'epoch': '3.37'}
{'loss': '0.37', 'grad_norm': '9.627', 'learning_rate': '5.385e-06', 'epoch': '3.376'}
{'loss': '0.3952', 'grad_norm': '17.62', 'learning_rate': '5.346e-06', 'epoch': '3.383'}
{'loss': '0.3463', 'grad_norm': '13.87', 'learning_rate': '5.308e-06', 'epoch': '3.389'}
{'loss': '0.4322', 'grad_norm': '13.36', 'learning_rate': '5.27e-06', 'epoch': '3.396'}
{'loss': '0.4464', 'grad_norm': '38.33', 'learning_rate': '5.231e-06', 'epoch': '3.402'}
{'loss': '0.3808', 'grad_norm': '19.31', 'learning_rate': '5.193e-06', 'epoch': '3.409'}
{'loss': '0.384', 'grad_norm': '17.75', 'learning_rate': '5.155e-06', 'epoch': '3.415'}
{'loss': '0.3517', 'grad_norm': '13.56', 'learning_rate': '5.117e-06', 'epoch': '3.422'}
{'loss': '0.3753', 'grad_norm': '13.96', 'learning_rate': '5.079e-06', 'epoch': '3.428'}
{'loss': '0.418', 'grad_norm': '39.28', 'learning_rate': '5.041e-06', 'epoch': '3.435'}
{'loss': '0.3853', 'grad_norm': '19.44', 'learning_rate': '5.004e-06', 'epoch': '3.441'}
{'loss': '0.3999', 'grad_norm': '23.65', 'learning_rate': '4.966e-06', 'epoch': '3.448'}
{'loss': '0.3834', 'grad_norm': '16.64', 'learning_rate': '4.929e-06', 'epoch': '3.454'}
{'loss': '0.4641', 'grad_norm': '45.09', 'learning_rate': '4.891e-06', 'epoch': '3.461'}
{'loss': '0.3812', 'grad_norm': '15.64', 'learning_rate': '4.854e-06', 'epoch': '3.467'}
{'loss': '0.4751', 'grad_norm': '21.84', 'learning_rate': '4.817e-06', 'epoch': '3.473'}
{'loss': '0.47', 'grad_norm': '27.46', 'learning_rate': '4.78e-06', 'epoch': '3.48'}
{'loss': '0.4295', 'grad_norm': '6.046', 'learning_rate': '4.743e-06', 'epoch': '3.486'}
{'loss': '0.4907', 'grad_norm': '9.451', 'learning_rate': '4.706e-06', 'epoch': '3.493'}
{'loss': '0.4157', 'grad_norm': '12', 'learning_rate': '4.669e-06', 'epoch': '3.499'}
{'loss': '0.4334', 'grad_norm': '13.59', 'learning_rate': '4.632e-06', 'epoch': '3.506'}
{'loss': '0.435', 'grad_norm': '9.207', 'learning_rate': '4.596e-06', 'epoch': '3.512'}
{'loss': '0.4595', 'grad_norm': '23.96', 'learning_rate': '4.559e-06', 'epoch': '3.519'}
{'loss': '0.3831', 'grad_norm': '15.93', 'learning_rate': '4.523e-06', 'epoch': '3.525'}
{'loss': '0.4483', 'grad_norm': '31.25', 'learning_rate': '4.486e-06', 'epoch': '3.532'}
{'loss': '0.3504', 'grad_norm': '23.87', 'learning_rate': '4.45e-06', 'epoch': '3.538'}
{'loss': '0.379', 'grad_norm': '17.32', 'learning_rate': '4.414e-06', 'epoch': '3.545'}
{'loss': '0.523', 'grad_norm': '25.62', 'learning_rate': '4.378e-06', 'epoch': '3.551'}
{'loss': '0.355', 'grad_norm': '9.094', 'learning_rate': '4.342e-06', 'epoch': '3.558'}
{'loss': '0.3798', 'grad_norm': '19.42', 'learning_rate': '4.306e-06', 'epoch': '3.564'}
{'loss': '0.3686', 'grad_norm': '15.4', 'learning_rate': '4.271e-06', 'epoch': '3.571'}
{'loss': '0.3578', 'grad_norm': '8.802', 'learning_rate': '4.235e-06', 'epoch': '3.577'}
{'loss': '0.4719', 'grad_norm': '24.47', 'learning_rate': '4.2e-06', 'epoch': '3.583'}
{'loss': '0.4207', 'grad_norm': '19.36', 'learning_rate': '4.164e-06', 'epoch': '3.59'}
{'loss': '0.3483', 'grad_norm': '27.8', 'learning_rate': '4.129e-06', 'epoch': '3.596'}
{'loss': '0.3836', 'grad_norm': '10.2', 'learning_rate': '4.094e-06', 'epoch': '3.603'}
{'loss': '0.4273', 'grad_norm': '19.72', 'learning_rate': '4.059e-06', 'epoch': '3.609'}
{'loss': '0.3909', 'grad_norm': '5.848', 'learning_rate': '4.024e-06', 'epoch': '3.616'}
{'loss': '0.3328', 'grad_norm': '11.83', 'learning_rate': '3.989e-06', 'epoch': '3.622'}
{'loss': '0.4974', 'grad_norm': '29.98', 'learning_rate': '3.955e-06', 'epoch': '3.629'}
{'loss': '0.4774', 'grad_norm': '20.21', 'learning_rate': '3.92e-06', 'epoch': '3.635'}
{'loss': '0.4154', 'grad_norm': '9.646', 'learning_rate': '3.886e-06', 'epoch': '3.642'}
{'loss': '0.3729', 'grad_norm': '15.83', 'learning_rate': '3.851e-06', 'epoch': '3.648'}
{'loss': '0.3513', 'grad_norm': '15.66', 'learning_rate': '3.817e-06', 'epoch': '3.655'}
{'loss': '0.3769', 'grad_norm': '12.57', 'learning_rate': '3.783e-06', 'epoch': '3.661'}
{'loss': '0.4049', 'grad_norm': '15.38', 'learning_rate': '3.749e-06', 'epoch': '3.668'}
{'loss': '0.4104', 'grad_norm': '11.61', 'learning_rate': '3.715e-06', 'epoch': '3.674'}
{'loss': '0.4301', 'grad_norm': '9.336', 'learning_rate': '3.682e-06', 'epoch': '3.68'}
{'loss': '0.4434', 'grad_norm': '15.98', 'learning_rate': '3.648e-06', 'epoch': '3.687'}
{'loss': '0.3421', 'grad_norm': '18.49', 'learning_rate': '3.614e-06', 'epoch': '3.693'}
{'loss': '0.5565', 'grad_norm': '17.03', 'learning_rate': '3.581e-06', 'epoch': '3.7'}
{'loss': '0.3332', 'grad_norm': '11.23', 'learning_rate': '3.548e-06', 'epoch': '3.706'}
{'loss': '0.3847', 'grad_norm': '18.56', 'learning_rate': '3.515e-06', 'epoch': '3.713'}
{'loss': '0.4183', 'grad_norm': '23.03', 'learning_rate': '3.482e-06', 'epoch': '3.719'}
{'loss': '0.3108', 'grad_norm': '10.85', 'learning_rate': '3.449e-06', 'epoch': '3.726'}
{'loss': '0.4841', 'grad_norm': '14.8', 'learning_rate': '3.416e-06', 'epoch': '3.732'}
{'loss': '0.423', 'grad_norm': '14.38', 'learning_rate': '3.383e-06', 'epoch': '3.739'}
{'loss': '0.4006', 'grad_norm': '13.59', 'learning_rate': '3.351e-06', 'epoch': '3.745'}
{'loss': '0.3922', 'grad_norm': '10.91', 'learning_rate': '3.318e-06', 'epoch': '3.752'}
{'loss': '0.5124', 'grad_norm': '18.02', 'learning_rate': '3.286e-06', 'epoch': '3.758'}
{'loss': '0.3165', 'grad_norm': '28.34', 'learning_rate': '3.254e-06', 'epoch': '3.765'}
{'loss': '0.426', 'grad_norm': '17.24', 'learning_rate': '3.222e-06', 'epoch': '3.771'}
{'loss': '0.5105', 'grad_norm': '20.68', 'learning_rate': '3.19e-06', 'epoch': '3.777'}
{'loss': '0.3878', 'grad_norm': '19.79', 'learning_rate': '3.158e-06', 'epoch': '3.784'}
{'loss': '0.4214', 'grad_norm': '8.784', 'learning_rate': '3.127e-06', 'epoch': '3.79'}
{'loss': '0.3964', 'grad_norm': '32.17', 'learning_rate': '3.095e-06', 'epoch': '3.797'}
{'loss': '0.4999', 'grad_norm': '12.09', 'learning_rate': '3.064e-06', 'epoch': '3.803'}
{'loss': '0.378', 'grad_norm': '17.21', 'learning_rate': '3.033e-06', 'epoch': '3.81'}
{'loss': '0.3607', 'grad_norm': '20.28', 'learning_rate': '3.002e-06', 'epoch': '3.816'}
{'loss': '0.4906', 'grad_norm': '17.85', 'learning_rate': '2.971e-06', 'epoch': '3.823'}
{'loss': '0.4361', 'grad_norm': '22.56', 'learning_rate': '2.94e-06', 'epoch': '3.829'}
{'loss': '0.4175', 'grad_norm': '23.12', 'learning_rate': '2.909e-06', 'epoch': '3.836'}
{'loss': '0.3848', 'grad_norm': '21.93', 'learning_rate': '2.878e-06', 'epoch': '3.842'}
{'loss': '0.3267', 'grad_norm': '10.48', 'learning_rate': '2.848e-06', 'epoch': '3.849'}
{'loss': '0.4222', 'grad_norm': '16.87', 'learning_rate': '2.818e-06', 'epoch': '3.855'}
{'loss': '0.3812', 'grad_norm': '18.82', 'learning_rate': '2.788e-06', 'epoch': '3.862'}
{'loss': '0.4121', 'grad_norm': '32.25', 'learning_rate': '2.757e-06', 'epoch': '3.868'}
{'loss': '0.4203', 'grad_norm': '16.6', 'learning_rate': '2.728e-06', 'epoch': '3.875'}
{'loss': '0.4599', 'grad_norm': '30.51', 'learning_rate': '2.698e-06', 'epoch': '3.881'}
{'loss': '0.3725', 'grad_norm': '14.05', 'learning_rate': '2.668e-06', 'epoch': '3.887'}
{'loss': '0.44', 'grad_norm': '8.504', 'learning_rate': '2.639e-06', 'epoch': '3.894'}
{'loss': '0.4129', 'grad_norm': '16.36', 'learning_rate': '2.609e-06', 'epoch': '3.9'}
{'loss': '0.5016', 'grad_norm': '13.88', 'learning_rate': '2.58e-06', 'epoch': '3.907'}
{'loss': '0.2886', 'grad_norm': '12.48', 'learning_rate': '2.551e-06', 'epoch': '3.913'}
{'loss': '0.3806', 'grad_norm': '15.22', 'learning_rate': '2.522e-06', 'epoch': '3.92'}
{'loss': '0.3639', 'grad_norm': '14.98', 'learning_rate': '2.493e-06', 'epoch': '3.926'}
{'loss': '0.4111', 'grad_norm': '11.58', 'learning_rate': '2.465e-06', 'epoch': '3.933'}
{'loss': '0.3625', 'grad_norm': '20.4', 'learning_rate': '2.436e-06', 'epoch': '3.939'}
{'loss': '0.4318', 'grad_norm': '18.53', 'learning_rate': '2.408e-06', 'epoch': '3.946'}
{'loss': '0.2841', 'grad_norm': '16.54', 'learning_rate': '2.38e-06', 'epoch': '3.952'}
{'loss': '0.4205', 'grad_norm': '14.75', 'learning_rate': '2.352e-06', 'epoch': '3.959'}
{'loss': '0.3872', 'grad_norm': '11.02', 'learning_rate': '2.324e-06', 'epoch': '3.965'}
{'loss': '0.3776', 'grad_norm': '19.73', 'learning_rate': '2.296e-06', 'epoch': '3.972'}
{'loss': '0.4518', 'grad_norm': '25.18', 'learning_rate': '2.268e-06', 'epoch': '3.978'}
{'loss': '0.4829', 'grad_norm': '17.47', 'learning_rate': '2.241e-06', 'epoch': '3.984'}
{'loss': '0.472', 'grad_norm': '14.32', 'learning_rate': '2.214e-06', 'epoch': '3.991'}
{'loss': '0.4297', 'grad_norm': '10.65', 'learning_rate': '2.186e-06', 'epoch': '3.997'}
{'eval_loss': '0.5693', 'eval_accuracy': '0.7948', 'eval_f1': '0.7987', 'eval_precision': '0.7958', 'eval_recall': '0.8032', 'eval_runtime': '17.79', 'eval_samples_per_second': '154.5', 'eval_steps_per_second': '9.667', 'epoch': '4'}
{'loss': '0.4731', 'grad_norm': '19.21', 'learning_rate': '2.159e-06', 'epoch': '4.004'}
{'loss': '0.2932', 'grad_norm': '19.05', 'learning_rate': '2.132e-06', 'epoch': '4.01'}
{'loss': '0.3842', 'grad_norm': '11.91', 'learning_rate': '2.106e-06', 'epoch': '4.017'}
{'loss': '0.3594', 'grad_norm': '16.37', 'learning_rate': '2.079e-06', 'epoch': '4.023'}
{'loss': '0.3679', 'grad_norm': '17.39', 'learning_rate': '2.053e-06', 'epoch': '4.03'}
{'loss': '0.3438', 'grad_norm': '13.77', 'learning_rate': '2.026e-06', 'epoch': '4.036'}
{'loss': '0.2559', 'grad_norm': '11.63', 'learning_rate': '2e-06', 'epoch': '4.043'}
{'loss': '0.4226', 'grad_norm': '14.56', 'learning_rate': '1.974e-06', 'epoch': '4.049'}
{'loss': '0.3332', 'grad_norm': '15.45', 'learning_rate': '1.948e-06', 'epoch': '4.056'}
{'loss': '0.3694', 'grad_norm': '9.485', 'learning_rate': '1.923e-06', 'epoch': '4.062'}
{'loss': '0.315', 'grad_norm': '11.18', 'learning_rate': '1.897e-06', 'epoch': '4.069'}
{'loss': '0.3455', 'grad_norm': '31.02', 'learning_rate': '1.872e-06', 'epoch': '4.075'}
{'loss': '0.3537', 'grad_norm': '23.2', 'learning_rate': '1.846e-06', 'epoch': '4.082'}
{'loss': '0.4745', 'grad_norm': '15.9', 'learning_rate': '1.821e-06', 'epoch': '4.088'}
{'loss': '0.4261', 'grad_norm': '20.4', 'learning_rate': '1.796e-06', 'epoch': '4.094'}
{'loss': '0.4779', 'grad_norm': '5.428', 'learning_rate': '1.772e-06', 'epoch': '4.101'}
{'loss': '0.4834', 'grad_norm': '19.14', 'learning_rate': '1.747e-06', 'epoch': '4.107'}
{'loss': '0.3119', 'grad_norm': '23.45', 'learning_rate': '1.723e-06', 'epoch': '4.114'}
{'loss': '0.395', 'grad_norm': '13.6', 'learning_rate': '1.698e-06', 'epoch': '4.12'}
{'loss': '0.4533', 'grad_norm': '28.38', 'learning_rate': '1.674e-06', 'epoch': '4.127'}
{'loss': '0.5595', 'grad_norm': '11.97', 'learning_rate': '1.65e-06', 'epoch': '4.133'}
{'loss': '0.3965', 'grad_norm': '7.41', 'learning_rate': '1.626e-06', 'epoch': '4.14'}
{'loss': '0.3948', 'grad_norm': '23.02', 'learning_rate': '1.603e-06', 'epoch': '4.146'}
{'loss': '0.3959', 'grad_norm': '30.95', 'learning_rate': '1.579e-06', 'epoch': '4.153'}
{'loss': '0.2906', 'grad_norm': '10.31', 'learning_rate': '1.556e-06', 'epoch': '4.159'}
{'loss': '0.4484', 'grad_norm': '26.77', 'learning_rate': '1.533e-06', 'epoch': '4.166'}
{'loss': '0.4339', 'grad_norm': '13.19', 'learning_rate': '1.51e-06', 'epoch': '4.172'}
{'loss': '0.4655', 'grad_norm': '14.25', 'learning_rate': '1.487e-06', 'epoch': '4.179'}
{'loss': '0.4208', 'grad_norm': '8.869', 'learning_rate': '1.464e-06', 'epoch': '4.185'}
{'loss': '0.3786', 'grad_norm': '22.9', 'learning_rate': '1.441e-06', 'epoch': '4.191'}
{'loss': '0.3627', 'grad_norm': '21.17', 'learning_rate': '1.419e-06', 'epoch': '4.198'}
{'loss': '0.3505', 'grad_norm': '20.36', 'learning_rate': '1.397e-06', 'epoch': '4.204'}
{'loss': '0.3411', 'grad_norm': '27.35', 'learning_rate': '1.375e-06', 'epoch': '4.211'}
{'loss': '0.2688', 'grad_norm': '11.94', 'learning_rate': '1.353e-06', 'epoch': '4.217'}
{'loss': '0.3347', 'grad_norm': '2.926', 'learning_rate': '1.331e-06', 'epoch': '4.224'}
{'loss': '0.3145', 'grad_norm': '17.38', 'learning_rate': '1.309e-06', 'epoch': '4.23'}
{'loss': '0.2507', 'grad_norm': '3.804', 'learning_rate': '1.288e-06', 'epoch': '4.237'}
{'loss': '0.4853', 'grad_norm': '23.57', 'learning_rate': '1.267e-06', 'epoch': '4.243'}
{'loss': '0.3966', 'grad_norm': '21.1', 'learning_rate': '1.246e-06', 'epoch': '4.25'}
{'loss': '0.389', 'grad_norm': '19.95', 'learning_rate': '1.225e-06', 'epoch': '4.256'}
{'loss': '0.3998', 'grad_norm': '33.01', 'learning_rate': '1.204e-06', 'epoch': '4.263'}
{'loss': '0.424', 'grad_norm': '18.03', 'learning_rate': '1.183e-06', 'epoch': '4.269'}
{'loss': '0.2878', 'grad_norm': '20.89', 'learning_rate': '1.163e-06', 'epoch': '4.276'}
{'loss': '0.4006', 'grad_norm': '22.74', 'learning_rate': '1.143e-06', 'epoch': '4.282'}
{'loss': '0.4053', 'grad_norm': '45.68', 'learning_rate': '1.123e-06', 'epoch': '4.288'}
{'loss': '0.4212', 'grad_norm': '47.99', 'learning_rate': '1.103e-06', 'epoch': '4.295'}
{'loss': '0.2373', 'grad_norm': '16.78', 'learning_rate': '1.083e-06', 'epoch': '4.301'}
{'loss': '0.4085', 'grad_norm': '23', 'learning_rate': '1.063e-06', 'epoch': '4.308'}
{'loss': '0.3567', 'grad_norm': '46.19', 'learning_rate': '1.044e-06', 'epoch': '4.314'}
{'loss': '0.4651', 'grad_norm': '17.6', 'learning_rate': '1.025e-06', 'epoch': '4.321'}
{'loss': '0.3265', 'grad_norm': '22.35', 'learning_rate': '1.006e-06', 'epoch': '4.327'}
{'loss': '0.3822', 'grad_norm': '22.13', 'learning_rate': '9.868e-07', 'epoch': '4.334'}
{'loss': '0.4191', 'grad_norm': '21.15', 'learning_rate': '9.681e-07', 'epoch': '4.34'}
{'loss': '0.4224', 'grad_norm': '20.2', 'learning_rate': '9.495e-07', 'epoch': '4.347'}
{'loss': '0.2776', 'grad_norm': '14.13', 'learning_rate': '9.311e-07', 'epoch': '4.353'}
{'loss': '0.4209', 'grad_norm': '23.96', 'learning_rate': '9.129e-07', 'epoch': '4.36'}
{'loss': '0.3978', 'grad_norm': '21.7', 'learning_rate': '8.948e-07', 'epoch': '4.366'}
{'loss': '0.3403', 'grad_norm': '16.98', 'learning_rate': '8.77e-07', 'epoch': '4.373'}
{'loss': '0.2937', 'grad_norm': '13.19', 'learning_rate': '8.593e-07', 'epoch': '4.379'}
{'loss': '0.3103', 'grad_norm': '17.53', 'learning_rate': '8.417e-07', 'epoch': '4.386'}
{'loss': '0.3739', 'grad_norm': '10.77', 'learning_rate': '8.244e-07', 'epoch': '4.392'}
{'loss': '0.4016', 'grad_norm': '14.8', 'learning_rate': '8.072e-07', 'epoch': '4.398'}
{'loss': '0.3838', 'grad_norm': '107.7', 'learning_rate': '7.901e-07', 'epoch': '4.405'}
{'loss': '0.4177', 'grad_norm': '23.24', 'learning_rate': '7.733e-07', 'epoch': '4.411'}
{'loss': '0.3743', 'grad_norm': '27.02', 'learning_rate': '7.566e-07', 'epoch': '4.418'}
{'loss': '0.4053', 'grad_norm': '26.16', 'learning_rate': '7.401e-07', 'epoch': '4.424'}
{'loss': '0.313', 'grad_norm': '21.33', 'learning_rate': '7.238e-07', 'epoch': '4.431'}
{'loss': '0.419', 'grad_norm': '15.48', 'learning_rate': '7.077e-07', 'epoch': '4.437'}
{'loss': '0.3004', 'grad_norm': '25.65', 'learning_rate': '6.917e-07', 'epoch': '4.444'}
{'loss': '0.4211', 'grad_norm': '17.68', 'learning_rate': '6.759e-07', 'epoch': '4.45'}
{'loss': '0.4978', 'grad_norm': '23.53', 'learning_rate': '6.603e-07', 'epoch': '4.457'}
{'loss': '0.3209', 'grad_norm': '23.48', 'learning_rate': '6.449e-07', 'epoch': '4.463'}
{'loss': '0.3371', 'grad_norm': '18.28', 'learning_rate': '6.296e-07', 'epoch': '4.47'}
{'loss': '0.3841', 'grad_norm': '23.9', 'learning_rate': '6.145e-07', 'epoch': '4.476'}
{'loss': '0.4153', 'grad_norm': '25.61', 'learning_rate': '5.996e-07', 'epoch': '4.483'}
{'loss': '0.4544', 'grad_norm': '14.74', 'learning_rate': '5.849e-07', 'epoch': '4.489'}
{'loss': '0.4424', 'grad_norm': '12.55', 'learning_rate': '5.703e-07', 'epoch': '4.495'}
{'loss': '0.3574', 'grad_norm': '21.95', 'learning_rate': '5.56e-07', 'epoch': '4.502'}
{'loss': '0.3032', 'grad_norm': '20.42', 'learning_rate': '5.418e-07', 'epoch': '4.508'}
{'loss': '0.3221', 'grad_norm': '10.06', 'learning_rate': '5.277e-07', 'epoch': '4.515'}
{'loss': '0.2994', 'grad_norm': '10.07', 'learning_rate': '5.139e-07', 'epoch': '4.521'}
{'loss': '0.3797', 'grad_norm': '35.75', 'learning_rate': '5.002e-07', 'epoch': '4.528'}
{'loss': '0.3311', 'grad_norm': '9.338', 'learning_rate': '4.868e-07', 'epoch': '4.534'}
{'loss': '0.4896', 'grad_norm': '36.92', 'learning_rate': '4.735e-07', 'epoch': '4.541'}
{'loss': '0.3151', 'grad_norm': '19.71', 'learning_rate': '4.603e-07', 'epoch': '4.547'}
{'loss': '0.4482', 'grad_norm': '25.02', 'learning_rate': '4.474e-07', 'epoch': '4.554'}
{'loss': '0.3347', 'grad_norm': '9.263', 'learning_rate': '4.346e-07', 'epoch': '4.56'}
{'loss': '0.3779', 'grad_norm': '20.56', 'learning_rate': '4.22e-07', 'epoch': '4.567'}
{'loss': '0.3437', 'grad_norm': '6.775', 'learning_rate': '4.096e-07', 'epoch': '4.573'}
{'loss': '0.4451', 'grad_norm': '15.14', 'learning_rate': '3.974e-07', 'epoch': '4.58'}
{'loss': '0.3607', 'grad_norm': '17.27', 'learning_rate': '3.854e-07', 'epoch': '4.586'}
{'loss': '0.4036', 'grad_norm': '20.53', 'learning_rate': '3.735e-07', 'epoch': '4.592'}
{'loss': '0.3808', 'grad_norm': '9.697', 'learning_rate': '3.619e-07', 'epoch': '4.599'}
{'loss': '0.3173', 'grad_norm': '20.55', 'learning_rate': '3.504e-07', 'epoch': '4.605'}
{'loss': '0.2817', 'grad_norm': '17.92', 'learning_rate': '3.391e-07', 'epoch': '4.612'}
{'loss': '0.3496', 'grad_norm': '23.57', 'learning_rate': '3.279e-07', 'epoch': '4.618'}
{'loss': '0.3997', 'grad_norm': '8.236', 'learning_rate': '3.17e-07', 'epoch': '4.625'}
{'loss': '0.4677', 'grad_norm': '11.05', 'learning_rate': '3.062e-07', 'epoch': '4.631'}
{'loss': '0.3394', 'grad_norm': '19.1', 'learning_rate': '2.956e-07', 'epoch': '4.638'}
{'loss': '0.372', 'grad_norm': '6.406', 'learning_rate': '2.852e-07', 'epoch': '4.644'}
{'loss': '0.437', 'grad_norm': '30.94', 'learning_rate': '2.75e-07', 'epoch': '4.651'}
{'loss': '0.33', 'grad_norm': '19.57', 'learning_rate': '2.65e-07', 'epoch': '4.657'}
{'loss': '0.41', 'grad_norm': '24.05', 'learning_rate': '2.552e-07', 'epoch': '4.664'}
{'loss': '0.3584', 'grad_norm': '31.69', 'learning_rate': '2.455e-07', 'epoch': '4.67'}
{'loss': '0.2634', 'grad_norm': '26.99', 'learning_rate': '2.36e-07', 'epoch': '4.677'}
{'loss': '0.3654', 'grad_norm': '8.526', 'learning_rate': '2.267e-07', 'epoch': '4.683'}
{'loss': '0.3631', 'grad_norm': '21.47', 'learning_rate': '2.176e-07', 'epoch': '4.69'}
{'loss': '0.3032', 'grad_norm': '12.67', 'learning_rate': '2.087e-07', 'epoch': '4.696'}
{'loss': '0.3969', 'grad_norm': '15.07', 'learning_rate': '2e-07', 'epoch': '4.702'}
{'loss': '0.488', 'grad_norm': '8.211', 'learning_rate': '1.914e-07', 'epoch': '4.709'}
{'loss': '0.3563', 'grad_norm': '10.15', 'learning_rate': '1.83e-07', 'epoch': '4.715'}
{'loss': '0.3826', 'grad_norm': '18.98', 'learning_rate': '1.749e-07', 'epoch': '4.722'}
{'loss': '0.3997', 'grad_norm': '10.89', 'learning_rate': '1.669e-07', 'epoch': '4.728'}
{'loss': '0.3751', 'grad_norm': '17.73', 'learning_rate': '1.59e-07', 'epoch': '4.735'}
{'loss': '0.256', 'grad_norm': '9.867', 'learning_rate': '1.514e-07', 'epoch': '4.741'}
{'loss': '0.4564', 'grad_norm': '15.56', 'learning_rate': '1.44e-07', 'epoch': '4.748'}
{'loss': '0.3358', 'grad_norm': '22.71', 'learning_rate': '1.367e-07', 'epoch': '4.754'}
{'loss': '0.4021', 'grad_norm': '16.43', 'learning_rate': '1.297e-07', 'epoch': '4.761'}
{'loss': '0.3755', 'grad_norm': '9.585', 'learning_rate': '1.228e-07', 'epoch': '4.767'}
{'loss': '0.5389', 'grad_norm': '24.69', 'learning_rate': '1.161e-07', 'epoch': '4.774'}
{'loss': '0.3463', 'grad_norm': '13.39', 'learning_rate': '1.096e-07', 'epoch': '4.78'}
{'loss': '0.5193', 'grad_norm': '23.02', 'learning_rate': '1.033e-07', 'epoch': '4.787'}
{'loss': '0.344', 'grad_norm': '15.77', 'learning_rate': '9.712e-08', 'epoch': '4.793'}
{'loss': '0.3085', 'grad_norm': '15.87', 'learning_rate': '9.117e-08', 'epoch': '4.799'}
{'loss': '0.3465', 'grad_norm': '9.699', 'learning_rate': '8.541e-08', 'epoch': '4.806'}
{'loss': '0.3913', 'grad_norm': '15.57', 'learning_rate': '7.984e-08', 'epoch': '4.812'}
{'loss': '0.3583', 'grad_norm': '10.42', 'learning_rate': '7.445e-08', 'epoch': '4.819'}
{'loss': '0.3402', 'grad_norm': '14.06', 'learning_rate': '6.925e-08', 'epoch': '4.825'}
{'loss': '0.2768', 'grad_norm': '7.492', 'learning_rate': '6.424e-08', 'epoch': '4.832'}
{'loss': '0.5055', 'grad_norm': '25.26', 'learning_rate': '5.942e-08', 'epoch': '4.838'}
{'loss': '0.3654', 'grad_norm': '41.66', 'learning_rate': '5.478e-08', 'epoch': '4.845'}
{'loss': '0.3536', 'grad_norm': '22.36', 'learning_rate': '5.033e-08', 'epoch': '4.851'}
{'loss': '0.3729', 'grad_norm': '13.87', 'learning_rate': '4.607e-08', 'epoch': '4.858'}
{'loss': '0.3886', 'grad_norm': '12.95', 'learning_rate': '4.2e-08', 'epoch': '4.864'}
{'loss': '0.3575', 'grad_norm': '14.64', 'learning_rate': '3.812e-08', 'epoch': '4.871'}
{'loss': '0.4508', 'grad_norm': '19.58', 'learning_rate': '3.442e-08', 'epoch': '4.877'}
{'loss': '0.4248', 'grad_norm': '17.83', 'learning_rate': '3.091e-08', 'epoch': '4.884'}
{'loss': '0.3797', 'grad_norm': '14.57', 'learning_rate': '2.759e-08', 'epoch': '4.89'}
{'loss': '0.3609', 'grad_norm': '20.25', 'learning_rate': '2.446e-08', 'epoch': '4.897'}
{'loss': '0.4943', 'grad_norm': '27.64', 'learning_rate': '2.152e-08', 'epoch': '4.903'}
{'loss': '0.2568', 'grad_norm': '8.104', 'learning_rate': '1.876e-08', 'epoch': '4.909'}
{'loss': '0.3782', 'grad_norm': '20.31', 'learning_rate': '1.62e-08', 'epoch': '4.916'}
{'loss': '0.3906', 'grad_norm': '10.98', 'learning_rate': '1.382e-08', 'epoch': '4.922'}
{'loss': '0.368', 'grad_norm': '5.818', 'learning_rate': '1.163e-08', 'epoch': '4.929'}
{'loss': '0.3896', 'grad_norm': '20.48', 'learning_rate': '9.629e-09', 'epoch': '4.935'}
{'loss': '0.3311', 'grad_norm': '22.39', 'learning_rate': '7.817e-09', 'epoch': '4.942'}
{'loss': '0.349', 'grad_norm': '17.24', 'learning_rate': '6.193e-09', 'epoch': '4.948'}
{'loss': '0.445', 'grad_norm': '23.95', 'learning_rate': '4.759e-09', 'epoch': '4.955'}
{'loss': '0.4233', 'grad_norm': '17.69', 'learning_rate': '3.513e-09', 'epoch': '4.961'}
{'loss': '0.4554', 'grad_norm': '21.66', 'learning_rate': '2.455e-09', 'epoch': '4.968'}
{'loss': '0.4153', 'grad_norm': '7.079', 'learning_rate': '1.587e-09', 'epoch': '4.974'}
{'loss': '0.3112', 'grad_norm': '7.975', 'learning_rate': '9.072e-10', 'epoch': '4.981'}
{'loss': '0.3736', 'grad_norm': '14.98', 'learning_rate': '4.163e-10', 'epoch': '4.987'}
{'loss': '0.3635', 'grad_norm': '18.76', 'learning_rate': '1.142e-10', 'epoch': '4.994'}
{'loss': '0.2722', 'grad_norm': '11.32', 'learning_rate': '9.44e-13', 'epoch': '5'}
{'eval_loss': '0.598', 'eval_accuracy': '0.7948', 'eval_f1': '0.7985', 'eval_precision': '0.7954', 'eval_recall': '0.8031', 'eval_runtime': '17.8', 'eval_samples_per_second': '154.4', 'eval_steps_per_second': '9.661', 'epoch': '5'}
{'train_runtime': '2479', 'train_samples_per_second': '49.88', 'train_steps_per_second': '3.118', 'train_loss': '0.4934', 'epoch': '5'}
Saved confusion matrix plot to: ./plots/confusion_matrix_20260401_182356.png
Test Metrics:
test_loss: 0.5572
test_accuracy: 0.8002
test_f1: 0.8031
test_precision: 0.8002
test_recall: 0.8096
test_runtime: 25.4907
test_samples_per_second: 138.6390
test_steps_per_second: 8.6700
